<?xml version="1.0" encoding="UTF-8"?>
<testsuite name="ru.stqa.pft.addressbook.tests.GroupDeletionsTests" tests="1" skipped="0" failures="0" errors="0" timestamp="2020-04-19T16:08:49" hostname="DESKTOP-3R60AU8" time="1.946">
  <properties/>
  <testcase name="testGroupDeletions" classname="ru.stqa.pft.addressbook.tests.GroupDeletionsTests" time="1.946"/>
  <system-out><![CDATA[]]></system-out>
  <system-err><![CDATA[]]></system-err>
</testsuite>
