<?xml version="1.0" encoding="UTF-8"?>
<testsuite name="ru.stqa.pft.addressbook.tests.ContactCreationTests" tests="2" skipped="0" failures="0" errors="0" timestamp="2020-04-19T11:35:00" hostname="DESKTOP-3R60AU8" time="7.864">
  <properties/>
  <testcase name="testContactCreation[0](ContactData{id='0', firstname='Ivanov 0', lastname='Petrov'})" classname="ru.stqa.pft.addressbook.tests.ContactCreationTests" time="4.182"/>
  <testcase name="testContactCreation[1](ContactData{id='0', firstname='Ivanov 1', lastname='Petrov'})" classname="ru.stqa.pft.addressbook.tests.ContactCreationTests" time="3.68"/>
  <system-out><![CDATA[]]></system-out>
  <system-err><![CDATA[Security framework of XStream not initialized, XStream is probably vulnerable.
]]></system-err>
</testsuite>
