<?xml version="1.0" encoding="UTF-8"?>
<testsuite name="ru.stqa.pft.rest.RestTests" tests="1" skipped="0" failures="0" errors="0" timestamp="2020-06-15T05:48:14" hostname="DESKTOP-3R60AU8" time="4.663">
  <properties/>
  <testcase name="testCreateIssue" classname="ru.stqa.pft.rest.RestTests" time="4.663"/>
  <system-out><![CDATA[]]></system-out>
  <system-err><![CDATA[]]></system-err>
</testsuite>
