<?xml version="1.0" encoding="UTF-8"?>
<testsuite name="ru.stqa.pft.github.GithubTests" tests="1" skipped="0" failures="0" errors="0" timestamp="2020-06-16T06:30:11" hostname="DESKTOP-3R60AU8" time="7.937">
  <properties/>
  <testcase name="testCommits" classname="ru.stqa.pft.github.GithubTests" time="7.937"/>
  <system-out><![CDATA[https://api.github.com/repos/marinich135/java_ft/commits/393801d917eb70879f1f1372db13977bc0dcc698
https://api.github.com/repos/marinich135/java_ft/commits/0ee361fb2c37bb2592bbc25d30b095597802c34e
https://api.github.com/repos/marinich135/java_ft/commits/bfc52d89beeb5497859ab1ce76434060f90ce39e
https://api.github.com/repos/marinich135/java_ft/commits/3eda39b76b9bc62841c79f051e28a4d39fb7e066
https://api.github.com/repos/marinich135/java_ft/commits/c67569a10f06ad194895ba0bbb6f41c452872034
https://api.github.com/repos/marinich135/java_ft/commits/aefd4371301c2c80e78ecaf95d7d6451e4ad6eca
https://api.github.com/repos/marinich135/java_ft/commits/fee32ff9d93ffef2edb809211b635e8aea4691cb
https://api.github.com/repos/marinich135/java_ft/commits/946038f82e66e5942bd17df004f65c26b27d1276
https://api.github.com/repos/marinich135/java_ft/commits/5e254ed643b1e0a377f1e3e943658f62d84d8be7
https://api.github.com/repos/marinich135/java_ft/commits/721173613a3aa3c079b683b87900f3df533b9464
https://api.github.com/repos/marinich135/java_ft/commits/8c7770792aefd48fd07a507b3ebc9337fe6f10dd
https://api.github.com/repos/marinich135/java_ft/commits/7787fe34248d50e18203a150b845e40f4aa3cd62
https://api.github.com/repos/marinich135/java_ft/commits/3f1e6c3d165c4664575c630a71c25a00da4c8bed
https://api.github.com/repos/marinich135/java_ft/commits/c788e34e2526bc1c9d7d0f0528df5855725be856
https://api.github.com/repos/marinich135/java_ft/commits/a355b1c0f0888dfdf53933a623304ecc56911726
https://api.github.com/repos/marinich135/java_ft/commits/c802cce9d37ec36ac90c1ddd91aa66a76bc50341
https://api.github.com/repos/marinich135/java_ft/commits/af2021c74b8f62d0bb36e1bcac7d43578aace490
https://api.github.com/repos/marinich135/java_ft/commits/46ba6bd15cc9a14c85e7321e45ead2a6c7e9576b
https://api.github.com/repos/marinich135/java_ft/commits/c8bab7317ac27a6c3fe537577855351cbfacc9ea
https://api.github.com/repos/marinich135/java_ft/commits/8eaaca13b6bf555c3718a07863ac5d33137e106d
https://api.github.com/repos/marinich135/java_ft/commits/439c8d2f798b4945f76960b1cfe2395cd11ce558
https://api.github.com/repos/marinich135/java_ft/commits/a4db133e884194f845df20ad2895295551e0544c
https://api.github.com/repos/marinich135/java_ft/commits/c820e503e0a36c9cd4e23dd63e0b6fd261aac76a
https://api.github.com/repos/marinich135/java_ft/commits/c044d29ca6d89788ac4ce8e7660aeb91e0b2c106
https://api.github.com/repos/marinich135/java_ft/commits/02e2fa081a8201b6cd7614d4e84e3578bd6c0f68
https://api.github.com/repos/marinich135/java_ft/commits/390dab224a5058c7bad12489ece8b3eba0d1d851
https://api.github.com/repos/marinich135/java_ft/commits/243d350bdaa13959909595ad8566f77239c9fb48
https://api.github.com/repos/marinich135/java_ft/commits/6be30be81ed0a98e2c37cb9fea0e633448d41e2b
https://api.github.com/repos/marinich135/java_ft/commits/d3bd2aca8c6e578e7dcca3646fd61d5a9db44aea
https://api.github.com/repos/marinich135/java_ft/commits/d0b4ec695051ef5cb142b18ecbe3f66a2ab1533f
https://api.github.com/repos/marinich135/java_ft/commits/e44d892d027f7b2f04b90b61d8131878b88405c5
https://api.github.com/repos/marinich135/java_ft/commits/6f988085d8673151ae250e2ff0e7b5219d7014d5
https://api.github.com/repos/marinich135/java_ft/commits/1223dfcde0427d6a27aa0f99fdb272d7525186fd
https://api.github.com/repos/marinich135/java_ft/commits/eda63d9c8e6229f839880fe1c49e8ffa00055fbc
https://api.github.com/repos/marinich135/java_ft/commits/a6592b2bee73c371b3fd31cd84274976fc9dd377
https://api.github.com/repos/marinich135/java_ft/commits/20133ed6ce91290715d6cb9c91b9b45c54fdfe8f
https://api.github.com/repos/marinich135/java_ft/commits/5116da6413f697e0bfbaf66f943d8885d654d5a8
https://api.github.com/repos/marinich135/java_ft/commits/4a47577407794a5394e85f5a49b585606450488b
https://api.github.com/repos/marinich135/java_ft/commits/cd2fc7d306682ebdb7e5d48f73d03163794a53ae
https://api.github.com/repos/marinich135/java_ft/commits/80e91ba6030fff1d9f8adc45661d6cbb5fb93c63
https://api.github.com/repos/marinich135/java_ft/commits/638627b453c13f92e96048059b6ceb039e94ddf8
https://api.github.com/repos/marinich135/java_ft/commits/0e84456a73116371ca4a1df69866b68b18d1151a
https://api.github.com/repos/marinich135/java_ft/commits/c726bdf637eb371147b2a9100e270727d8131e15
https://api.github.com/repos/marinich135/java_ft/commits/d9b58a1938e0164770552ce79a80fd4eeb64c5a9
https://api.github.com/repos/marinich135/java_ft/commits/161b73b66890580f575a5b1c46ce71291ecec1a5
https://api.github.com/repos/marinich135/java_ft/commits/d510b5a4fe5de42c16b05da0600152c8dd147238
https://api.github.com/repos/marinich135/java_ft/commits/1724f0d12f43e74fd89aaf560331488cc6274060
https://api.github.com/repos/marinich135/java_ft/commits/9a40e7097e3e345e7df1c3e10179e131893de43d
https://api.github.com/repos/marinich135/java_ft/commits/9dce655ddee114b3c1d5dc52db0dc1cba87e3dff
https://api.github.com/repos/marinich135/java_ft/commits/9431137751be077c424b70d052834710297e070c
https://api.github.com/repos/marinich135/java_ft/commits/d7569403acf575c8ad114fdf0264bec08033cae2
https://api.github.com/repos/marinich135/java_ft/commits/af4737af40dbec5d73704e73fbcf4e8ac9715771
https://api.github.com/repos/marinich135/java_ft/commits/b56b0f27a762967b58083d8ab611ee079e1cc1f0
https://api.github.com/repos/marinich135/java_ft/commits/5b9340d9acb38086bbb994e5626dcae7dca46d7d
https://api.github.com/repos/marinich135/java_ft/commits/8930c099eb801aa8a2309af466b68bed041f11b2
https://api.github.com/repos/marinich135/java_ft/commits/b38f8a2e4e417f75a324ddb393f167adb62c7648
https://api.github.com/repos/marinich135/java_ft/commits/a84ce9e540b6b0985d14c5fe22ae5b9f8ad5f545
https://api.github.com/repos/marinich135/java_ft/commits/b8b4311c19530ccdcd4a681a6de08aca2248cea6
https://api.github.com/repos/marinich135/java_ft/commits/0518265673ea602fecf24467f585e821f04d61f3
https://api.github.com/repos/marinich135/java_ft/commits/faed6b874cc3aea4b005d73b03ffe701b97c1bad
https://api.github.com/repos/marinich135/java_ft/commits/3ebb1a257dc600ea1a35bf3844d8de71041051a9
https://api.github.com/repos/marinich135/java_ft/commits/d6ecc74d50c89c0919ec6ae1e66d513b9a9f78b7
https://api.github.com/repos/marinich135/java_ft/commits/f1739d35f87f94d84f8c0a0b597a75b0e18afc24
https://api.github.com/repos/marinich135/java_ft/commits/542560d0865e5925ec4e3cd3166000787c302461
https://api.github.com/repos/marinich135/java_ft/commits/48422d3c8f2f697bf2f3e5c0b704714309ebf5d4
https://api.github.com/repos/marinich135/java_ft/commits/7a2246d39bd650216eb3a69c2d0df37ed693ce63
https://api.github.com/repos/marinich135/java_ft/commits/963c68fcfaa10366fa6597c5e83b00c793606671
https://api.github.com/repos/marinich135/java_ft/commits/d7a886113e3c1537618ec3b345ac66615f9fcf41
https://api.github.com/repos/marinich135/java_ft/commits/aa9fb0ddab71141a29726152b556b103c538c492
https://api.github.com/repos/marinich135/java_ft/commits/f96d2020c48ad081e3236d3aa82a6adbb2635e37
https://api.github.com/repos/marinich135/java_ft/commits/c1527713be2c39752c49695e3acc84c76908c4c9
https://api.github.com/repos/marinich135/java_ft/commits/6bc118d3f094254091658af5098cafeb1d311684
https://api.github.com/repos/marinich135/java_ft/commits/516d479d864f28be27c3c1a49ed04eb95dbf918d
https://api.github.com/repos/marinich135/java_ft/commits/cbf632333144d0f4191e9da4c42623cc81ed6151
https://api.github.com/repos/marinich135/java_ft/commits/8fa66f18ac48e7de57cb01dc3919c5766d3760fd
https://api.github.com/repos/marinich135/java_ft/commits/70e3527c8e846bdebf7d17be401124a5de903601
https://api.github.com/repos/marinich135/java_ft/commits/401162a836869b3b7b71ca1a0f4b6e4ebc11da47
https://api.github.com/repos/marinich135/java_ft/commits/e67f0849a32efc23cf58dc331280e218d519b4aa
https://api.github.com/repos/marinich135/java_ft/commits/4485533543b3cbb47b485276b91824a4292f6a3d
https://api.github.com/repos/marinich135/java_ft/commits/ffa5c88eedf9ee6fc6e1974b1aa66a9353a2aa7b
https://api.github.com/repos/marinich135/java_ft/commits/9bd575a05647ef1b3073a2c1dc01f2be9976d403
https://api.github.com/repos/marinich135/java_ft/commits/e41c7ed062391f14d1b74ccd5e1efba989ab2c96
https://api.github.com/repos/marinich135/java_ft/commits/2560ac3462a4ba220e9ab3ca2cb313cce2673d0f
https://api.github.com/repos/marinich135/java_ft/commits/6c57aaf9fbca74142ff7286b9cf44aaa979bf17a
https://api.github.com/repos/marinich135/java_ft/commits/544502a298d8831c9e7dee586678d1efcc879911
https://api.github.com/repos/marinich135/java_ft/commits/8039d6f0fbfce16dc53b5499c030ca62daafa405
https://api.github.com/repos/marinich135/java_ft/commits/cbda0b61772ad12a28033f24ae0d73ae89177470
https://api.github.com/repos/marinich135/java_ft/commits/0f2a1bb649d7041cba209d50009504d31d8adb06
https://api.github.com/repos/marinich135/java_ft/commits/90a7485eba2e60456d603fe9994b38ae971dee59
https://api.github.com/repos/marinich135/java_ft/commits/779e6d6cfce2dce3eb4a8878008dd77f83537a28
https://api.github.com/repos/marinich135/java_ft/commits/5fa551e0ee5cdd0d162a03ec787892eda6893757
https://api.github.com/repos/marinich135/java_ft/commits/6470454de68a2f6908ee32100d52b66097602e4e
https://api.github.com/repos/marinich135/java_ft/commits/c4d8af62da1a6bd18a891255122fef220e5462f7
https://api.github.com/repos/marinich135/java_ft/commits/18031a24bff418c2a229b1b30d2001247ed2a64f
https://api.github.com/repos/marinich135/java_ft/commits/c2af2e6b710571d049ce0033d16e0f2af6b9dd6e
https://api.github.com/repos/marinich135/java_ft/commits/abb859b73bd387250ff0304c27c4bce4f37354ee
https://api.github.com/repos/marinich135/java_ft/commits/3de2788b4881d21a65a6d92a1795cffc492495ab
https://api.github.com/repos/marinich135/java_ft/commits/96d0b00ac0a2752f98b3ae55f9f9197374e06efa
https://api.github.com/repos/marinich135/java_ft/commits/ed7d4f8b38945e8d2d9ea1e2ad2691ac492244c6
https://api.github.com/repos/marinich135/java_ft/commits/4316026193f6c8bd858bc226fda2926c5122f6a0
https://api.github.com/repos/marinich135/java_ft/commits/b69aa58bab4d958d2630ae68387dc06dd75ba3bf
https://api.github.com/repos/marinich135/java_ft/commits/90448b854fcc08bbbb94cdf333a284f9cde053fa
https://api.github.com/repos/marinich135/java_ft/commits/ab1bd6526aaf5ad9e98aa8a75638a97e01d8b0d2
https://api.github.com/repos/marinich135/java_ft/commits/ef12e0b284c6945f05c5fcea184e741bc782fb08
https://api.github.com/repos/marinich135/java_ft/commits/b6275b6e40babc48c0eedb8ff542bbf35fb8e1dc
https://api.github.com/repos/marinich135/java_ft/commits/8363a83040d46ea834c8d09eb503a9d9a1343026
https://api.github.com/repos/marinich135/java_ft/commits/ce6f968b98c57bf1218024eabf26c5f1a31e6efe
https://api.github.com/repos/marinich135/java_ft/commits/d694e6483f9cb16a7eac14298add4f2747257301
https://api.github.com/repos/marinich135/java_ft/commits/ea25f53b341378caee1b25742d831b6e493592e9
https://api.github.com/repos/marinich135/java_ft/commits/954221c15b44f08638178a43989f98de3a2ba662
https://api.github.com/repos/marinich135/java_ft/commits/174fe696daea467fb0e2f4be1bd73379f7c05c53
https://api.github.com/repos/marinich135/java_ft/commits/41869583186a95688f2016a06783e784a4ba4565
https://api.github.com/repos/marinich135/java_ft/commits/2452e36807e71670700db68b7d5c15cb3cab806e
https://api.github.com/repos/marinich135/java_ft/commits/e252374c93fc6288a6d357b6d43b3d6857ecb8c9
https://api.github.com/repos/marinich135/java_ft/commits/46aca0ffec77beca720b755fc39aaa57c8cb23af
https://api.github.com/repos/marinich135/java_ft/commits/b041fcad931facdcaaa7452abf46c887affbef14
https://api.github.com/repos/marinich135/java_ft/commits/6536148c7e75d626a21d7ae6e2d24750ae7b2919
https://api.github.com/repos/marinich135/java_ft/commits/1616f80d0c2925622e36957473765ce5cac28ff4
https://api.github.com/repos/marinich135/java_ft/commits/ddd48a60880da102d8636f1eea40f071b72fe2cc
https://api.github.com/repos/marinich135/java_ft/commits/3b282530af75c7b35a2ab3c39ded8400fbd15659
https://api.github.com/repos/marinich135/java_ft/commits/6c2e5d5822cb44b203a7d35e734509b7151c0e44
https://api.github.com/repos/marinich135/java_ft/commits/ebb4d28d9437d77fa8f98ea3c23df3e1d91882b6
https://api.github.com/repos/marinich135/java_ft/commits/79e9470155b1f168e31d079b5c18753c900824a6
https://api.github.com/repos/marinich135/java_ft/commits/1a8a946095f3c2185f28fde5599787fcb3171419
https://api.github.com/repos/marinich135/java_ft/commits/102609ddeeec3d6d82a1849f4688b71a4201db56
https://api.github.com/repos/marinich135/java_ft/commits/9b3222ba9d1bf814fa787791220cf40d7d853b37
https://api.github.com/repos/marinich135/java_ft/commits/863b1ff7fc9493bea29cbdcf0a843a81e8c2b3f8
https://api.github.com/repos/marinich135/java_ft/commits/d731d5f2ad76397b89758e0e980ba761c3da2130
https://api.github.com/repos/marinich135/java_ft/commits/0610f0438255f0b192871a92e660ddb04cbdd30a
https://api.github.com/repos/marinich135/java_ft/commits/66e3bef0b7aa27f93d4e22982d484eee7f1e5845
https://api.github.com/repos/marinich135/java_ft/commits/b509c5bd57d34a2f9591d793dabe99bc9465f8f7
https://api.github.com/repos/marinich135/java_ft/commits/1954b7d4b806a474b957fc342004b081d100eb68
]]></system-out>
  <system-err><![CDATA[SLF4J: Failed to load class "org.slf4j.impl.StaticLoggerBinder".
SLF4J: Defaulting to no-operation (NOP) logger implementation
SLF4J: See http://www.slf4j.org/codes.html#StaticLoggerBinder for further details.
]]></system-err>
</testsuite>
